0 info it worked if it ends with ok
1 verbose cli [ 'C:\\Program Files\\nodejs\\node.exe',
1 verbose cli   'C:\\Program Files\\nodejs\\node_modules\\npm\\bin\\npm-cli.js',
1 verbose cli   'start' ]
2 info using npm@3.10.8
3 info using node@v6.9.1
4 verbose run-script [ 'prestart', 'start', 'poststart' ]
5 info lifecycle hvs@0.1.0~prestart: hvs@0.1.0
6 silly lifecycle hvs@0.1.0~prestart: no script for prestart, continuing
7 info lifecycle hvs@0.1.0~start: hvs@0.1.0
8 verbose lifecycle hvs@0.1.0~start: unsafe-perm in lifecycle true
9 verbose lifecycle hvs@0.1.0~start: PATH: C:\Program Files\nodejs\node_modules\npm\bin\node-gyp-bin;E:\HVS\HVSCadet\node_modules\.bin;C:\ProgramData\Oracle\Java\javapath;C:\Windows\system32;C:\Windows;C:\Windows\System32\Wbem;C:\Windows\System32\WindowsPowerShell\v1.0\;C:\Program Files\Intel\WiFi\bin\;C:\Program Files\Common Files\Intel\WirelessCommon\;C:\Program Files (x86)\Skype\Phone\;C:\Program Files\Microsoft SQL Server\120\Tools\Binn\;C:\Windows\system32\config\systemprofile\.dnx\bin;C:\Program Files\Microsoft DNX\Dnvm\;C:\Program Files (x86)\Microsoft SQL Server\110\Tools\Binn\ManagementStudio\;C:\Program Files (x86)\Microsoft SQL Server\110\Tools\Binn\;C:\Program Files\Microsoft SQL Server\110\Tools\Binn\;C:\Program Files (x86)\Microsoft SQL Server\110\DTS\Binn\;C:\Program Files\Microsoft SQL Server\130\Tools\Binn\;C:\Program Files (x86)\Microsoft SQL Server\130\DTS\Binn\;C:\Program Files\nodejs\;C:\Program Files (x86)\Git\cmd;C:\Users\DELL\.dnx\runtimes\dnx-coreclr-win-x86.1.0.0-beta7\bin;C:\Users\DELL\.dnx\bin;C:\Program Files\Intel\WiFi\bin\;C:\Program Files\Common Files\Intel\WirelessCommon\;E:\java\apache-maven-3.1.1-bin\apache-maven-3.1.1\bin;C;\q\w32;C:\Program Files (x86)\Microsoft VS Code\bin;C:\Users\DELL\AppData\Roaming\npm
10 verbose lifecycle hvs@0.1.0~start: CWD: E:\HVS\HVSCadet
11 silly lifecycle hvs@0.1.0~start: Args: [ '/d /s /c', 'cross-env NODE_PATH=src/ react-scripts start' ]
12 silly lifecycle hvs@0.1.0~start: Returned: code: 1  signal: null
13 info lifecycle hvs@0.1.0~start: Failed to exec start script
14 verbose stack Error: hvs@0.1.0 start: `cross-env NODE_PATH=src/ react-scripts start`
14 verbose stack Exit status 1
14 verbose stack     at EventEmitter.<anonymous> (C:\Program Files\nodejs\node_modules\npm\lib\utils\lifecycle.js:255:16)
14 verbose stack     at emitTwo (events.js:106:13)
14 verbose stack     at EventEmitter.emit (events.js:191:7)
14 verbose stack     at ChildProcess.<anonymous> (C:\Program Files\nodejs\node_modules\npm\lib\utils\spawn.js:40:14)
14 verbose stack     at emitTwo (events.js:106:13)
14 verbose stack     at ChildProcess.emit (events.js:191:7)
14 verbose stack     at maybeClose (internal/child_process.js:877:16)
14 verbose stack     at Process.ChildProcess._handle.onexit (internal/child_process.js:226:5)
15 verbose pkgid hvs@0.1.0
16 verbose cwd E:\HVS\HVSCadet\src
17 error Windows_NT 6.1.7601
18 error argv "C:\\Program Files\\nodejs\\node.exe" "C:\\Program Files\\nodejs\\node_modules\\npm\\bin\\npm-cli.js" "start"
19 error node v6.9.1
20 error npm  v3.10.8
21 error code ELIFECYCLE
22 error hvs@0.1.0 start: `cross-env NODE_PATH=src/ react-scripts start`
22 error Exit status 1
23 error Failed at the hvs@0.1.0 start script 'cross-env NODE_PATH=src/ react-scripts start'.
23 error Make sure you have the latest version of node.js and npm installed.
23 error If you do, this is most likely a problem with the hvs package,
23 error not with npm itself.
23 error Tell the author that this fails on your system:
23 error     cross-env NODE_PATH=src/ react-scripts start
23 error You can get information on how to open an issue for this project with:
23 error     npm bugs hvs
23 error Or if that isn't available, you can get their info via:
23 error     npm owner ls hvs
23 error There is likely additional logging output above.
24 verbose exit [ 1, true ]
